[ 2016-11-14T00:04:24+08:00 ] ::1 /happy_class/index.php/Home/index/addClass.html
INFO: [ app_begin ] --START--
INFO: Run Behavior\ReadHtmlCacheBehavior [ RunTime:0.001284s ]
INFO: [ app_begin ] --END-- [ RunTime:0.002051s ]
SQL: SHOW COLUMNS FROM `tp_class` [ RunTime:0.0021s ]
SQL: SHOW COLUMNS FROM `tp_class` [ RunTime:0.0018s ]
SQL: INSERT INTO `tp_class` (`name`,`info`,`cover`,`image`,`video`) VALUES ('4班','测试','http://oga3de3p0.bkt.clouddn.com/Frp4MgQSXIhAbUeGQFHAkY9J6Zeb','http://oga3de3p0.bkt.clouddn.com/FgAVte97XfLCvjAWGYcz7DnL6CHb','http://oga3de3p0.bkt.clouddn.com/lsUE2QL0YBOnvBDIamQbRyfDSRNT') [ RunTime:0.0360s ]

[ 2016-11-14T00:05:14+08:00 ] ::1 /happy_class/index.php/Home/index/addClass.html
INFO: [ app_begin ] --START--
INFO: Run Behavior\ReadHtmlCacheBehavior [ RunTime:0.001946s ]
INFO: [ app_begin ] --END-- [ RunTime:0.002796s ]
SQL: SHOW COLUMNS FROM `tp_class` [ RunTime:0.0031s ]
SQL: SHOW COLUMNS FROM `tp_class` [ RunTime:0.0020s ]
SQL: INSERT INTO `tp_class` (`name`,`info`,`cover`,`image`,`video`) VALUES ('5班','测试5','http://oga3de3p0.bkt.clouddn.com/FsXisDgFSF1cOmg5UFCBwQeVw4DM','http://oga3de3p0.bkt.clouddn.com/FoBWwuLjvG9bsS8-Yz472ThE4Qjr','http://oga3de3p0.bkt.clouddn.com/FlI_b3Q2cNjIhPVhOmM_NtR2vYCi') [ RunTime:0.0003s ]

[ 2016-11-14T00:06:44+08:00 ] ::1 /happy_class/index.php/Home/index/addClass.html
INFO: [ app_begin ] --START--
INFO: Run Behavior\ReadHtmlCacheBehavior [ RunTime:0.001763s ]
INFO: [ app_begin ] --END-- [ RunTime:0.002602s ]
SQL: SHOW COLUMNS FROM `tp_class` [ RunTime:0.0024s ]
SQL: SHOW COLUMNS FROM `tp_class` [ RunTime:0.0027s ]
ERR: 1062:Duplicate entry 'http://oga3de3p0.bkt.clouddn.com/lhsHNomlWxOwscLM3K_JV_NaMi7D' for key 'video'
 [ SQL语句 ] : INSERT INTO `tp_class` (`name`,`info`,`cover`,`image`,`video`) VALUES ('6班','测试6','http://oga3de3p0.bkt.clouddn.com/Fsq_rx7J-Hd7sTvJ22ZX1I10Nf9N','http://oga3de3p0.bkt.clouddn.com/FmusGNm501eLZUJvRSEOvxjvh98Q','http://oga3de3p0.bkt.clouddn.com/lhsHNomlWxOwscLM3K_JV_NaMi7D')
ERR: 1062:Duplicate entry 'http://oga3de3p0.bkt.clouddn.com/lhsHNomlWxOwscLM3K_JV_NaMi7D' for key 'video'
 [ SQL语句 ] : INSERT INTO `tp_class` (`name`,`info`,`cover`,`image`,`video`) VALUES ('6班','测试6','http://oga3de3p0.bkt.clouddn.com/Fsq_rx7J-Hd7sTvJ22ZX1I10Nf9N','http://oga3de3p0.bkt.clouddn.com/FmusGNm501eLZUJvRSEOvxjvh98Q','http://oga3de3p0.bkt.clouddn.com/lhsHNomlWxOwscLM3K_JV_NaMi7D')

[ 2016-11-14T00:08:14+08:00 ] ::1 /happy_class/index.php/Home/index/addClass.html
INFO: [ app_begin ] --START--
INFO: Run Behavior\ReadHtmlCacheBehavior [ RunTime:0.001254s ]
INFO: [ app_begin ] --END-- [ RunTime:0.001923s ]
SQL: SHOW COLUMNS FROM `tp_class` [ RunTime:0.0021s ]
SQL: SHOW COLUMNS FROM `tp_class` [ RunTime:0.0018s ]
ERR: 1062:Duplicate entry 'http://oga3de3p0.bkt.clouddn.com/FhMdSu7hzr8jGjhzhOyb0cmWYmdg' for key 'video'
 [ SQL语句 ] : INSERT INTO `tp_class` (`name`,`info`,`cover`,`image`,`video`) VALUES ('6班','测试6','http://oga3de3p0.bkt.clouddn.com/Fsp3V2OedGX5DwPorK1FwAV_7Fd7','http://oga3de3p0.bkt.clouddn.com/FmusGNm501eLZUJvRSEOvxjvh98Q','http://oga3de3p0.bkt.clouddn.com/FhMdSu7hzr8jGjhzhOyb0cmWYmdg')
ERR: 1062:Duplicate entry 'http://oga3de3p0.bkt.clouddn.com/FhMdSu7hzr8jGjhzhOyb0cmWYmdg' for key 'video'
 [ SQL语句 ] : INSERT INTO `tp_class` (`name`,`info`,`cover`,`image`,`video`) VALUES ('6班','测试6','http://oga3de3p0.bkt.clouddn.com/Fsp3V2OedGX5DwPorK1FwAV_7Fd7','http://oga3de3p0.bkt.clouddn.com/FmusGNm501eLZUJvRSEOvxjvh98Q','http://oga3de3p0.bkt.clouddn.com/FhMdSu7hzr8jGjhzhOyb0cmWYmdg')

[ 2016-11-14T00:09:31+08:00 ] ::1 /happy_class/index.php/Home/index/addClass.html
INFO: [ app_begin ] --START--
INFO: Run Behavior\ReadHtmlCacheBehavior [ RunTime:0.000832s ]
INFO: [ app_begin ] --END-- [ RunTime:0.001490s ]
SQL: SHOW COLUMNS FROM `tp_class` [ RunTime:0.0021s ]
SQL: SHOW COLUMNS FROM `tp_class` [ RunTime:0.0016s ]
ERR: 1062:Duplicate entry 'http://oga3de3p0.bkt.clouddn.com/lsUE2QL0YBOnvBDIamQbRyfDSRNT' for key 'video'
 [ SQL语句 ] : INSERT INTO `tp_class` (`name`,`info`,`cover`,`image`,`video`) VALUES ('7班','测试7','http://oga3de3p0.bkt.clouddn.com/Fnv2AnkKxvGJEf8sposGwyG-KzwL','http://oga3de3p0.bkt.clouddn.com/FkTcMl2Hg4QKeMK1igdu_uOWErdO','http://oga3de3p0.bkt.clouddn.com/lsUE2QL0YBOnvBDIamQbRyfDSRNT')
ERR: 1062:Duplicate entry 'http://oga3de3p0.bkt.clouddn.com/lsUE2QL0YBOnvBDIamQbRyfDSRNT' for key 'video'
 [ SQL语句 ] : INSERT INTO `tp_class` (`name`,`info`,`cover`,`image`,`video`) VALUES ('7班','测试7','http://oga3de3p0.bkt.clouddn.com/Fnv2AnkKxvGJEf8sposGwyG-KzwL','http://oga3de3p0.bkt.clouddn.com/FkTcMl2Hg4QKeMK1igdu_uOWErdO','http://oga3de3p0.bkt.clouddn.com/lsUE2QL0YBOnvBDIamQbRyfDSRNT')

[ 2016-11-14T00:10:26+08:00 ] ::1 /happy_class/index.php/Home/index/addClass.html
INFO: [ app_begin ] --START--
INFO: Run Behavior\ReadHtmlCacheBehavior [ RunTime:0.000795s ]
INFO: [ app_begin ] --END-- [ RunTime:0.001258s ]
SQL: SHOW COLUMNS FROM `tp_class` [ RunTime:0.0023s ]
SQL: SHOW COLUMNS FROM `tp_class` [ RunTime:0.0018s ]
SQL: INSERT INTO `tp_class` (`name`,`info`,`cover`,`image`,`video`) VALUES ('6班','测试6','http://oga3de3p0.bkt.clouddn.com/FtXUzQdhalQokbfsLQJXs6JLaYVu','http://oga3de3p0.bkt.clouddn.com/FtXUzQdhalQokbfsLQJXs6JLaYVu','http://oga3de3p0.bkt.clouddn.com/FtXUzQdhalQokbfsLQJXs6JLaYVu') [ RunTime:0.0002s ]

[ 2016-11-14T00:11:14+08:00 ] ::1 /happy_class/index.php/Home/index/addClass.html
INFO: [ app_begin ] --START--
INFO: Run Behavior\ReadHtmlCacheBehavior [ RunTime:0.000868s ]
INFO: [ app_begin ] --END-- [ RunTime:0.001303s ]
SQL: SHOW COLUMNS FROM `tp_class` [ RunTime:0.0021s ]
SQL: SHOW COLUMNS FROM `tp_class` [ RunTime:0.0018s ]
SQL: INSERT INTO `tp_class` (`name`,`info`,`cover`,`image`,`video`) VALUES ('6班','测试6','http://oga3de3p0.bkt.clouddn.com/FtXUzQdhalQokbfsLQJXs6JLaYVu','http://oga3de3p0.bkt.clouddn.com/FtXUzQdhalQokbfsLQJXs6JLaYVu','http://oga3de3p0.bkt.clouddn.com/Fi0P3HhsZJNVAzYXl_9iGYPEiBLt') [ RunTime:0.0002s ]

[ 2016-11-14T00:11:28+08:00 ] ::1 /happy_class/index.php/Home/index/addClass.html
INFO: [ app_begin ] --START--
INFO: Run Behavior\ReadHtmlCacheBehavior [ RunTime:0.000846s ]
INFO: [ app_begin ] --END-- [ RunTime:0.001321s ]
SQL: SHOW COLUMNS FROM `tp_class` [ RunTime:0.0023s ]
SQL: SHOW COLUMNS FROM `tp_class` [ RunTime:0.0018s ]
ERR: 1062:Duplicate entry 'http://oga3de3p0.bkt.clouddn.com/FtXUzQdhalQokbfsLQJXs6JLaYVu' for key 'image_origin'
 [ SQL语句 ] : INSERT INTO `tp_class` (`name`,`info`,`cover`,`image`,`video`) VALUES ('7班','测试7','http://oga3de3p0.bkt.clouddn.com/FtXUzQdhalQokbfsLQJXs6JLaYVu','http://oga3de3p0.bkt.clouddn.com/FtXUzQdhalQokbfsLQJXs6JLaYVu','http://oga3de3p0.bkt.clouddn.com/FouogZCyq6jh4JaENZ7KCJg0--n3')
ERR: 1062:Duplicate entry 'http://oga3de3p0.bkt.clouddn.com/FtXUzQdhalQokbfsLQJXs6JLaYVu' for key 'image_origin'
 [ SQL语句 ] : INSERT INTO `tp_class` (`name`,`info`,`cover`,`image`,`video`) VALUES ('7班','测试7','http://oga3de3p0.bkt.clouddn.com/FtXUzQdhalQokbfsLQJXs6JLaYVu','http://oga3de3p0.bkt.clouddn.com/FtXUzQdhalQokbfsLQJXs6JLaYVu','http://oga3de3p0.bkt.clouddn.com/FouogZCyq6jh4JaENZ7KCJg0--n3')

[ 2016-11-14T00:11:44+08:00 ] ::1 /happy_class/index.php/Home/index/addClass.html
INFO: [ app_begin ] --START--
INFO: Run Behavior\ReadHtmlCacheBehavior [ RunTime:0.000732s ]
INFO: [ app_begin ] --END-- [ RunTime:0.001127s ]
SQL: SHOW COLUMNS FROM `tp_class` [ RunTime:0.0020s ]
SQL: SHOW COLUMNS FROM `tp_class` [ RunTime:0.0017s ]
ERR: 1062:Duplicate entry 'http://oga3de3p0.bkt.clouddn.com/FtXUzQdhalQokbfsLQJXs6JLaYVu' for key 'image_origin'
 [ SQL语句 ] : INSERT INTO `tp_class` (`name`,`info`,`cover`,`image`,`video`) VALUES ('7班','测试7','http://oga3de3p0.bkt.clouddn.com/FtXUzQdhalQokbfsLQJXs6JLaYVu','http://oga3de3p0.bkt.clouddn.com/FtXUzQdhalQokbfsLQJXs6JLaYVu','http://oga3de3p0.bkt.clouddn.com/FuLZIvSHw-6CidAcjlFhbx5P6PLI')
ERR: 1062:Duplicate entry 'http://oga3de3p0.bkt.clouddn.com/FtXUzQdhalQokbfsLQJXs6JLaYVu' for key 'image_origin'
 [ SQL语句 ] : INSERT INTO `tp_class` (`name`,`info`,`cover`,`image`,`video`) VALUES ('7班','测试7','http://oga3de3p0.bkt.clouddn.com/FtXUzQdhalQokbfsLQJXs6JLaYVu','http://oga3de3p0.bkt.clouddn.com/FtXUzQdhalQokbfsLQJXs6JLaYVu','http://oga3de3p0.bkt.clouddn.com/FuLZIvSHw-6CidAcjlFhbx5P6PLI')

[ 2016-11-14T00:12:00+08:00 ] ::1 /happy_class/index.php/Home/index/addClass.html
INFO: [ app_begin ] --START--
INFO: Run Behavior\ReadHtmlCacheBehavior [ RunTime:0.000985s ]
INFO: [ app_begin ] --END-- [ RunTime:0.001776s ]
SQL: SHOW COLUMNS FROM `tp_class` [ RunTime:0.0034s ]
SQL: SHOW COLUMNS FROM `tp_class` [ RunTime:0.0018s ]
ERR: 1062:Duplicate entry 'http://oga3de3p0.bkt.clouddn.com/FtXUzQdhalQokbfsLQJXs6JLaYVu' for key 'image_origin'
 [ SQL语句 ] : INSERT INTO `tp_class` (`name`,`info`,`cover`,`image`,`video`) VALUES ('七班','测试7','http://oga3de3p0.bkt.clouddn.com/FtXUzQdhalQokbfsLQJXs6JLaYVu','http://oga3de3p0.bkt.clouddn.com/FtXUzQdhalQokbfsLQJXs6JLaYVu','http://oga3de3p0.bkt.clouddn.com/Fn231hZuQQjQmUbbKw0jIKvi687R')
ERR: 1062:Duplicate entry 'http://oga3de3p0.bkt.clouddn.com/FtXUzQdhalQokbfsLQJXs6JLaYVu' for key 'image_origin'
 [ SQL语句 ] : INSERT INTO `tp_class` (`name`,`info`,`cover`,`image`,`video`) VALUES ('七班','测试7','http://oga3de3p0.bkt.clouddn.com/FtXUzQdhalQokbfsLQJXs6JLaYVu','http://oga3de3p0.bkt.clouddn.com/FtXUzQdhalQokbfsLQJXs6JLaYVu','http://oga3de3p0.bkt.clouddn.com/Fn231hZuQQjQmUbbKw0jIKvi687R')

[ 2016-11-14T00:23:58+08:00 ] ::1 /happy_class/index.php/home/index/%7BU:('Home/inde/getClass)%7D
INFO: [ app_begin ] --START--
INFO: Run Behavior\ReadHtmlCacheBehavior [ RunTime:0.000688s ]
INFO: [ app_begin ] --END-- [ RunTime:0.001087s ]
ERR: 非法操作:{U:('Home

[ 2016-11-14T00:24:12+08:00 ] ::1 /happy_class/index.php/home/index/%7BU:('Home/inde/getClass')%7D
INFO: [ app_begin ] --START--
INFO: Run Behavior\ReadHtmlCacheBehavior [ RunTime:0.000682s ]
INFO: [ app_begin ] --END-- [ RunTime:0.001069s ]
ERR: 非法操作:{U:('Home

[ 2016-11-14T00:24:27+08:00 ] ::1 /happy_class/index.php/home/index/%7BU:('Home/index/getClass')%7D
INFO: [ app_begin ] --START--
INFO: Run Behavior\ReadHtmlCacheBehavior [ RunTime:0.000695s ]
INFO: [ app_begin ] --END-- [ RunTime:0.001090s ]
ERR: 非法操作:{U:('Home

[ 2016-11-14T00:25:21+08:00 ] ::1 /happy_class/index.php/Home/Index/getClass.html
INFO: [ app_begin ] --START--
INFO: Run Behavior\ReadHtmlCacheBehavior [ RunTime:0.000743s ]
INFO: [ app_begin ] --END-- [ RunTime:0.001169s ]
SQL: SHOW COLUMNS FROM `tp_class` [ RunTime:0.0022s ]
SQL: SHOW COLUMNS FROM `tp_class` [ RunTime:0.0019s ]
SQL: SELECT * FROM `tp_class`  [ RunTime:0.0003s ]

[ 2016-11-14T00:25:58+08:00 ] ::1 /happy_class/index.php/Home/Index/getClass.html
INFO: [ app_begin ] --START--
INFO: Run Behavior\ReadHtmlCacheBehavior [ RunTime:0.000714s ]
INFO: [ app_begin ] --END-- [ RunTime:0.001106s ]
SQL: SHOW COLUMNS FROM `tp_class` [ RunTime:0.0022s ]
SQL: SHOW COLUMNS FROM `tp_class` [ RunTime:0.0018s ]
SQL: SELECT * FROM `tp_class`  [ RunTime:0.0003s ]

[ 2016-11-14T00:30:10+08:00 ] ::1 /happy_class/index.php/Home/Index/getClass.html
INFO: [ app_begin ] --START--
INFO: Run Behavior\ReadHtmlCacheBehavior [ RunTime:0.000707s ]
INFO: [ app_begin ] --END-- [ RunTime:0.001112s ]
SQL: SHOW COLUMNS FROM `tp_class` [ RunTime:0.0055s ]
SQL: SHOW COLUMNS FROM `tp_class` [ RunTime:0.0037s ]
SQL: SELECT * FROM `tp_class`  [ RunTime:0.0006s ]

[ 2016-11-14T00:30:48+08:00 ] ::1 /happy_class/index.php/Home/Index/getClass.html
INFO: [ app_begin ] --START--
INFO: Run Behavior\ReadHtmlCacheBehavior [ RunTime:0.000695s ]
INFO: [ app_begin ] --END-- [ RunTime:0.001120s ]
SQL: SHOW COLUMNS FROM `tp_class` [ RunTime:0.0022s ]
SQL: SHOW COLUMNS FROM `tp_class` [ RunTime:0.0018s ]
SQL: SELECT * FROM `tp_class`  [ RunTime:0.0003s ]

[ 2016-11-14T00:31:03+08:00 ] ::1 /happy_class/index.php/Home/Index/getClass.html
INFO: [ app_begin ] --START--
INFO: Run Behavior\ReadHtmlCacheBehavior [ RunTime:0.000702s ]
INFO: [ app_begin ] --END-- [ RunTime:0.001085s ]
SQL: SHOW COLUMNS FROM `tp_class` [ RunTime:0.0043s ]
SQL: SHOW COLUMNS FROM `tp_class` [ RunTime:0.0023s ]
SQL: SELECT * FROM `tp_class`  [ RunTime:0.0004s ]

[ 2016-11-14T00:31:15+08:00 ] ::1 /happy_class/index.php/Home/Index/getClass.html
INFO: [ app_begin ] --START--
INFO: Run Behavior\ReadHtmlCacheBehavior [ RunTime:0.000784s ]
INFO: [ app_begin ] --END-- [ RunTime:0.001223s ]
SQL: SHOW COLUMNS FROM `tp_class` [ RunTime:0.0043s ]
SQL: SHOW COLUMNS FROM `tp_class` [ RunTime:0.0022s ]
SQL: SELECT * FROM `tp_class`  [ RunTime:0.0003s ]

[ 2016-11-14T00:31:47+08:00 ] ::1 /happy_class/index.php/Home/Index/getClass.html
INFO: [ app_begin ] --START--
INFO: Run Behavior\ReadHtmlCacheBehavior [ RunTime:0.001570s ]
INFO: [ app_begin ] --END-- [ RunTime:0.002443s ]
SQL: SHOW COLUMNS FROM `tp_class` [ RunTime:0.0041s ]
SQL: SHOW COLUMNS FROM `tp_class` [ RunTime:0.0020s ]
SQL: SELECT * FROM `tp_class`  [ RunTime:0.0003s ]

[ 2016-11-14T00:31:49+08:00 ] ::1 /happy_class/index.php/Home/Index/getClass.html
INFO: [ app_begin ] --START--
INFO: Run Behavior\ReadHtmlCacheBehavior [ RunTime:0.000814s ]
INFO: [ app_begin ] --END-- [ RunTime:0.001337s ]
SQL: SHOW COLUMNS FROM `tp_class` [ RunTime:0.0020s ]
SQL: SHOW COLUMNS FROM `tp_class` [ RunTime:0.0017s ]
SQL: SELECT * FROM `tp_class`  [ RunTime:0.0003s ]

[ 2016-11-14T00:31:53+08:00 ] ::1 /happy_class/index.php/Home/Index/getClass.html
INFO: [ app_begin ] --START--
INFO: Run Behavior\ReadHtmlCacheBehavior [ RunTime:0.000676s ]
INFO: [ app_begin ] --END-- [ RunTime:0.001051s ]
SQL: SHOW COLUMNS FROM `tp_class` [ RunTime:0.0043s ]
SQL: SHOW COLUMNS FROM `tp_class` [ RunTime:0.0030s ]
SQL: SELECT * FROM `tp_class`  [ RunTime:0.0004s ]

[ 2016-11-14T00:32:50+08:00 ] ::1 /happy_class/index.php/Home/Index/getClass.html
INFO: [ app_begin ] --START--
INFO: Run Behavior\ReadHtmlCacheBehavior [ RunTime:0.000713s ]
INFO: [ app_begin ] --END-- [ RunTime:0.001106s ]
SQL: SHOW COLUMNS FROM `tp_class` [ RunTime:0.0021s ]
SQL: SHOW COLUMNS FROM `tp_class` [ RunTime:0.0018s ]
SQL: SELECT * FROM `tp_class`  [ RunTime:0.0003s ]

[ 2016-11-14T00:32:59+08:00 ] ::1 /happy_class/index.php/Home/Index/getClass.html
INFO: [ app_begin ] --START--
INFO: Run Behavior\ReadHtmlCacheBehavior [ RunTime:0.000703s ]
INFO: [ app_begin ] --END-- [ RunTime:0.001133s ]
SQL: SHOW COLUMNS FROM `tp_class` [ RunTime:0.0021s ]
SQL: SHOW COLUMNS FROM `tp_class` [ RunTime:0.0019s ]
SQL: SELECT * FROM `tp_class`  [ RunTime:0.0003s ]

[ 2016-11-14T00:33:05+08:00 ] ::1 /happy_class/index.php/Home/Index/getClass.html
INFO: [ app_begin ] --START--
INFO: Run Behavior\ReadHtmlCacheBehavior [ RunTime:0.000877s ]
INFO: [ app_begin ] --END-- [ RunTime:0.001307s ]
SQL: SHOW COLUMNS FROM `tp_class` [ RunTime:0.0074s ]
SQL: SHOW COLUMNS FROM `tp_class` [ RunTime:0.0049s ]
SQL: SELECT * FROM `tp_class`  [ RunTime:0.0013s ]

[ 2016-11-14T00:33:10+08:00 ] ::1 /happy_class/index.php/Home/Index/getClass.html
INFO: [ app_begin ] --START--
INFO: Run Behavior\ReadHtmlCacheBehavior [ RunTime:0.000694s ]
INFO: [ app_begin ] --END-- [ RunTime:0.001107s ]
SQL: SHOW COLUMNS FROM `tp_class` [ RunTime:0.0027s ]
SQL: SHOW COLUMNS FROM `tp_class` [ RunTime:0.0024s ]
SQL: SELECT * FROM `tp_class`  [ RunTime:0.0005s ]

[ 2016-11-14T00:33:12+08:00 ] ::1 /happy_class/index.php/Home/Index/getClass.html
INFO: [ app_begin ] --START--
INFO: Run Behavior\ReadHtmlCacheBehavior [ RunTime:0.000693s ]
INFO: [ app_begin ] --END-- [ RunTime:0.001144s ]
SQL: SHOW COLUMNS FROM `tp_class` [ RunTime:0.0034s ]
SQL: SHOW COLUMNS FROM `tp_class` [ RunTime:0.0019s ]
SQL: SELECT * FROM `tp_class`  [ RunTime:0.0003s ]

[ 2016-11-14T00:33:13+08:00 ] ::1 /happy_class/index.php/Home/Index/getClass.html
INFO: [ app_begin ] --START--
INFO: Run Behavior\ReadHtmlCacheBehavior [ RunTime:0.000681s ]
INFO: [ app_begin ] --END-- [ RunTime:0.001072s ]
SQL: SHOW COLUMNS FROM `tp_class` [ RunTime:0.0021s ]
SQL: SHOW COLUMNS FROM `tp_class` [ RunTime:0.0021s ]
SQL: SELECT * FROM `tp_class`  [ RunTime:0.0004s ]

[ 2016-11-14T00:33:15+08:00 ] ::1 /happy_class/index.php/Home/Index/getClass.html
INFO: [ app_begin ] --START--
INFO: Run Behavior\ReadHtmlCacheBehavior [ RunTime:0.001265s ]
INFO: [ app_begin ] --END-- [ RunTime:0.001778s ]
SQL: SHOW COLUMNS FROM `tp_class` [ RunTime:0.0029s ]
SQL: SHOW COLUMNS FROM `tp_class` [ RunTime:0.0026s ]
SQL: SELECT * FROM `tp_class`  [ RunTime:0.0010s ]

[ 2016-11-14T00:33:15+08:00 ] ::1 /happy_class/index.php/Home/Index/getClass.html
INFO: [ app_begin ] --START--
INFO: Run Behavior\ReadHtmlCacheBehavior [ RunTime:0.000760s ]
INFO: [ app_begin ] --END-- [ RunTime:0.001193s ]
SQL: SHOW COLUMNS FROM `tp_class` [ RunTime:0.0022s ]
SQL: SHOW COLUMNS FROM `tp_class` [ RunTime:0.0019s ]
SQL: SELECT * FROM `tp_class`  [ RunTime:0.0003s ]

[ 2016-11-14T00:33:19+08:00 ] ::1 /happy_class/index.php/Home/Index/getClass.html
INFO: [ app_begin ] --START--
INFO: Run Behavior\ReadHtmlCacheBehavior [ RunTime:0.000686s ]
INFO: [ app_begin ] --END-- [ RunTime:0.001102s ]
SQL: SHOW COLUMNS FROM `tp_class` [ RunTime:0.0021s ]
SQL: SHOW COLUMNS FROM `tp_class` [ RunTime:0.0021s ]
SQL: SELECT * FROM `tp_class`  [ RunTime:0.0003s ]

[ 2016-11-14T00:33:28+08:00 ] ::1 /happy_class/index.php/Home/Index/getClass.html
INFO: [ app_begin ] --START--
INFO: Run Behavior\ReadHtmlCacheBehavior [ RunTime:0.000735s ]
INFO: [ app_begin ] --END-- [ RunTime:0.001177s ]
SQL: SHOW COLUMNS FROM `tp_class` [ RunTime:0.0022s ]
SQL: SHOW COLUMNS FROM `tp_class` [ RunTime:0.0022s ]
SQL: SELECT * FROM `tp_class`  [ RunTime:0.0003s ]

[ 2016-11-14T00:33:32+08:00 ] ::1 /happy_class/index.php/Home/Index/getClass.html
INFO: [ app_begin ] --START--
INFO: Run Behavior\ReadHtmlCacheBehavior [ RunTime:0.000717s ]
INFO: [ app_begin ] --END-- [ RunTime:0.001171s ]
SQL: SHOW COLUMNS FROM `tp_class` [ RunTime:0.0030s ]
SQL: SHOW COLUMNS FROM `tp_class` [ RunTime:0.0019s ]
SQL: SELECT * FROM `tp_class`  [ RunTime:0.0003s ]

[ 2016-11-14T00:34:30+08:00 ] ::1 /happy_class/index.php/Home/Index/getClass.html
INFO: [ app_begin ] --START--
INFO: Run Behavior\ReadHtmlCacheBehavior [ RunTime:0.000685s ]
INFO: [ app_begin ] --END-- [ RunTime:0.001095s ]
SQL: SHOW COLUMNS FROM `tp_class` [ RunTime:0.0036s ]
SQL: SHOW COLUMNS FROM `tp_class` [ RunTime:0.0019s ]
SQL: SELECT * FROM `tp_class`  [ RunTime:0.0003s ]

[ 2016-11-14T00:35:01+08:00 ] ::1 /happy_class/index.php/Home/Index/getClass.html
INFO: [ app_begin ] --START--
INFO: Run Behavior\ReadHtmlCacheBehavior [ RunTime:0.000717s ]
INFO: [ app_begin ] --END-- [ RunTime:0.001108s ]
SQL: SHOW COLUMNS FROM `tp_class` [ RunTime:0.0032s ]
SQL: SHOW COLUMNS FROM `tp_class` [ RunTime:0.0017s ]
SQL: SELECT * FROM `tp_class`  [ RunTime:0.0002s ]

[ 2016-11-14T00:35:11+08:00 ] ::1 /happy_class/index.php/Home/Index/getClass.html
INFO: [ app_begin ] --START--
INFO: Run Behavior\ReadHtmlCacheBehavior [ RunTime:0.001070s ]
INFO: [ app_begin ] --END-- [ RunTime:0.001536s ]
SQL: SHOW COLUMNS FROM `tp_class` [ RunTime:0.0021s ]
SQL: SHOW COLUMNS FROM `tp_class` [ RunTime:0.0019s ]
SQL: SELECT * FROM `tp_class`  [ RunTime:0.0003s ]

[ 2016-11-14T00:35:14+08:00 ] ::1 /happy_class/index.php/Home/Index/getClass.html
INFO: [ app_begin ] --START--
INFO: Run Behavior\ReadHtmlCacheBehavior [ RunTime:0.001772s ]
INFO: [ app_begin ] --END-- [ RunTime:0.002852s ]
SQL: SHOW COLUMNS FROM `tp_class` [ RunTime:0.0027s ]
SQL: SHOW COLUMNS FROM `tp_class` [ RunTime:0.0070s ]
SQL: SELECT * FROM `tp_class`  [ RunTime:0.0006s ]

[ 2016-11-14T00:36:02+08:00 ] ::1 /happy_class/index.php/Home/Index/getClass.html
INFO: [ app_begin ] --START--
INFO: Run Behavior\ReadHtmlCacheBehavior [ RunTime:0.001128s ]
INFO: [ app_begin ] --END-- [ RunTime:0.001965s ]
SQL: SHOW COLUMNS FROM `tp_class` [ RunTime:0.0030s ]
SQL: SHOW COLUMNS FROM `tp_class` [ RunTime:0.0019s ]
SQL: SELECT * FROM `tp_class`  [ RunTime:0.0003s ]

[ 2016-11-14T00:36:04+08:00 ] ::1 /happy_class/index.php/Home/Index/getClass.html
INFO: [ app_begin ] --START--
INFO: Run Behavior\ReadHtmlCacheBehavior [ RunTime:0.001192s ]
INFO: [ app_begin ] --END-- [ RunTime:0.001935s ]
SQL: SHOW COLUMNS FROM `tp_class` [ RunTime:0.0029s ]
SQL: SHOW COLUMNS FROM `tp_class` [ RunTime:0.0023s ]
SQL: SELECT * FROM `tp_class`  [ RunTime:0.0003s ]

[ 2016-11-14T00:36:27+08:00 ] ::1 /happy_class/index.php/Home/Index/getClass.html
INFO: [ app_begin ] --START--
INFO: Run Behavior\ReadHtmlCacheBehavior [ RunTime:0.001003s ]
INFO: [ app_begin ] --END-- [ RunTime:0.001549s ]
SQL: SHOW COLUMNS FROM `tp_class` [ RunTime:0.0024s ]
SQL: SHOW COLUMNS FROM `tp_class` [ RunTime:0.0023s ]
SQL: SELECT * FROM `tp_class`  [ RunTime:0.0004s ]

[ 2016-11-14T00:36:28+08:00 ] ::1 /happy_class/index.php/Home/Index/getClass.html
INFO: [ app_begin ] --START--
INFO: Run Behavior\ReadHtmlCacheBehavior [ RunTime:0.000689s ]
INFO: [ app_begin ] --END-- [ RunTime:0.001089s ]
SQL: SHOW COLUMNS FROM `tp_class` [ RunTime:0.0026s ]
SQL: SHOW COLUMNS FROM `tp_class` [ RunTime:0.0064s ]
SQL: SELECT * FROM `tp_class`  [ RunTime:0.0012s ]

[ 2016-11-14T00:36:51+08:00 ] ::1 /happy_class/index.php/Home/Index/getClass.html
INFO: [ app_begin ] --START--
INFO: Run Behavior\ReadHtmlCacheBehavior [ RunTime:0.001318s ]
INFO: [ app_begin ] --END-- [ RunTime:0.002121s ]
SQL: SHOW COLUMNS FROM `tp_class` [ RunTime:0.0030s ]
SQL: SHOW COLUMNS FROM `tp_class` [ RunTime:0.0017s ]
SQL: SELECT * FROM `tp_class`  [ RunTime:0.0003s ]

[ 2016-11-14T00:36:52+08:00 ] ::1 /happy_class/index.php/Home/Index/getClass.html
INFO: [ app_begin ] --START--
INFO: Run Behavior\ReadHtmlCacheBehavior [ RunTime:0.001199s ]
INFO: [ app_begin ] --END-- [ RunTime:0.001664s ]
SQL: SHOW COLUMNS FROM `tp_class` [ RunTime:0.0027s ]
SQL: SHOW COLUMNS FROM `tp_class` [ RunTime:0.0022s ]
SQL: SELECT * FROM `tp_class`  [ RunTime:0.0003s ]

[ 2016-11-14T00:37:07+08:00 ] ::1 /happy_class/index.php/Home/Index/getClass.html
INFO: [ app_begin ] --START--
INFO: Run Behavior\ReadHtmlCacheBehavior [ RunTime:0.000805s ]
INFO: [ app_begin ] --END-- [ RunTime:0.001444s ]
SQL: SHOW COLUMNS FROM `tp_class` [ RunTime:0.0023s ]
SQL: SHOW COLUMNS FROM `tp_class` [ RunTime:0.0021s ]
SQL: SELECT * FROM `tp_class`  [ RunTime:0.0011s ]

[ 2016-11-14T00:37:08+08:00 ] ::1 /happy_class/index.php/Home/Index/getClass.html
INFO: [ app_begin ] --START--
INFO: Run Behavior\ReadHtmlCacheBehavior [ RunTime:0.000691s ]
INFO: [ app_begin ] --END-- [ RunTime:0.001091s ]
SQL: SHOW COLUMNS FROM `tp_class` [ RunTime:0.0027s ]
SQL: SHOW COLUMNS FROM `tp_class` [ RunTime:0.0019s ]
SQL: SELECT * FROM `tp_class`  [ RunTime:0.0002s ]

[ 2016-11-14T00:37:09+08:00 ] ::1 /happy_class/index.php/Home/Index/getClass.html
INFO: [ app_begin ] --START--
INFO: Run Behavior\ReadHtmlCacheBehavior [ RunTime:0.001033s ]
INFO: [ app_begin ] --END-- [ RunTime:0.001470s ]
SQL: SHOW COLUMNS FROM `tp_class` [ RunTime:0.0024s ]
SQL: SHOW COLUMNS FROM `tp_class` [ RunTime:0.0023s ]
SQL: SELECT * FROM `tp_class`  [ RunTime:0.0003s ]

[ 2016-11-14T00:39:15+08:00 ] ::1 /happy_class/index.php/Home/Index/getClass.html
INFO: [ app_begin ] --START--
INFO: Run Behavior\ReadHtmlCacheBehavior [ RunTime:0.001411s ]
INFO: [ app_begin ] --END-- [ RunTime:0.002459s ]
SQL: SHOW COLUMNS FROM `tp_class` [ RunTime:0.0042s ]
SQL: SHOW COLUMNS FROM `tp_class` [ RunTime:0.0020s ]
SQL: SELECT * FROM `tp_class`  [ RunTime:0.0003s ]

[ 2016-11-14T00:39:19+08:00 ] ::1 /happy_class/index.php/Home/Index/getClass.html
INFO: [ app_begin ] --START--
INFO: Run Behavior\ReadHtmlCacheBehavior [ RunTime:0.001020s ]
INFO: [ app_begin ] --END-- [ RunTime:0.001695s ]
SQL: SHOW COLUMNS FROM `tp_class` [ RunTime:0.0037s ]
SQL: SHOW COLUMNS FROM `tp_class` [ RunTime:0.0036s ]
SQL: SELECT * FROM `tp_class`  [ RunTime:0.0003s ]

[ 2016-11-14T00:40:10+08:00 ] ::1 /happy_class/index.php/Home/Index/getClass.html
INFO: [ app_begin ] --START--
INFO: Run Behavior\ReadHtmlCacheBehavior [ RunTime:0.001475s ]
INFO: [ app_begin ] --END-- [ RunTime:0.002319s ]
SQL: SHOW COLUMNS FROM `tp_class` [ RunTime:0.0021s ]
SQL: SHOW COLUMNS FROM `tp_class` [ RunTime:0.0021s ]
SQL: SELECT * FROM `tp_class`  [ RunTime:0.0003s ]

[ 2016-11-14T00:40:18+08:00 ] ::1 /happy_class/index.php/Home/Index/getClass.html
INFO: [ app_begin ] --START--
INFO: Run Behavior\ReadHtmlCacheBehavior [ RunTime:0.001858s ]
INFO: [ app_begin ] --END-- [ RunTime:0.002950s ]
SQL: SHOW COLUMNS FROM `tp_class` [ RunTime:0.0034s ]
SQL: SHOW COLUMNS FROM `tp_class` [ RunTime:0.0054s ]
SQL: SELECT * FROM `tp_class`  [ RunTime:0.0011s ]

[ 2016-11-14T00:46:26+08:00 ] ::1 /happy_class/index.php/Home/Index/getClass.html
INFO: [ app_begin ] --START--
INFO: Run Behavior\ReadHtmlCacheBehavior [ RunTime:0.001459s ]
INFO: [ app_begin ] --END-- [ RunTime:0.002392s ]
SQL: SHOW COLUMNS FROM `tp_class` [ RunTime:0.0063s ]
SQL: SHOW COLUMNS FROM `tp_class` [ RunTime:0.0025s ]
SQL: SELECT * FROM `tp_class`  [ RunTime:0.0003s ]

[ 2016-11-14T00:46:53+08:00 ] ::1 /happy_class/index.php/Home/Index/getClass.html
INFO: [ app_begin ] --START--
INFO: Run Behavior\ReadHtmlCacheBehavior [ RunTime:0.000696s ]
INFO: [ app_begin ] --END-- [ RunTime:0.001103s ]
SQL: SHOW COLUMNS FROM `tp_class` [ RunTime:0.0046s ]
SQL: SHOW COLUMNS FROM `tp_class` [ RunTime:0.0036s ]
SQL: SELECT * FROM `tp_class`  [ RunTime:0.0006s ]

[ 2016-11-14T00:47:07+08:00 ] ::1 /happy_class/index.php/Home/Index/getClass.html
INFO: [ app_begin ] --START--
INFO: Run Behavior\ReadHtmlCacheBehavior [ RunTime:0.000872s ]
INFO: [ app_begin ] --END-- [ RunTime:0.001363s ]
SQL: SHOW COLUMNS FROM `tp_class` [ RunTime:0.0060s ]
SQL: SHOW COLUMNS FROM `tp_class` [ RunTime:0.0027s ]
SQL: SELECT * FROM `tp_class`  [ RunTime:0.0003s ]

[ 2016-11-14T00:47:21+08:00 ] ::1 /happy_class/index.php/Home/Index/getClass.html
INFO: [ app_begin ] --START--
INFO: Run Behavior\ReadHtmlCacheBehavior [ RunTime:0.001454s ]
INFO: [ app_begin ] --END-- [ RunTime:0.002371s ]
SQL: SHOW COLUMNS FROM `tp_class` [ RunTime:0.0030s ]
SQL: SHOW COLUMNS FROM `tp_class` [ RunTime:0.0023s ]
SQL: SELECT * FROM `tp_class`  [ RunTime:0.0003s ]

[ 2016-11-14T00:47:40+08:00 ] ::1 /happy_class/index.php/Home/Index/getClass.html
INFO: [ app_begin ] --START--
INFO: Run Behavior\ReadHtmlCacheBehavior [ RunTime:0.001691s ]
INFO: [ app_begin ] --END-- [ RunTime:0.002702s ]
SQL: SHOW COLUMNS FROM `tp_class` [ RunTime:0.0021s ]
SQL: SHOW COLUMNS FROM `tp_class` [ RunTime:0.0024s ]
SQL: SELECT * FROM `tp_class`  [ RunTime:0.0020s ]

[ 2016-11-14T00:47:41+08:00 ] ::1 /happy_class/index.php/Home/Index/getClass.html
INFO: [ app_begin ] --START--
INFO: Run Behavior\ReadHtmlCacheBehavior [ RunTime:0.001287s ]
INFO: [ app_begin ] --END-- [ RunTime:0.002272s ]
SQL: SHOW COLUMNS FROM `tp_class` [ RunTime:0.0048s ]
SQL: SHOW COLUMNS FROM `tp_class` [ RunTime:0.0032s ]
SQL: SELECT * FROM `tp_class`  [ RunTime:0.0005s ]

[ 2016-11-14T00:47:42+08:00 ] ::1 /happy_class/index.php/Home/Index/getClass.html
INFO: [ app_begin ] --START--
INFO: Run Behavior\ReadHtmlCacheBehavior [ RunTime:0.001243s ]
INFO: [ app_begin ] --END-- [ RunTime:0.001957s ]
SQL: SHOW COLUMNS FROM `tp_class` [ RunTime:0.0060s ]
SQL: SHOW COLUMNS FROM `tp_class` [ RunTime:0.0040s ]
SQL: SELECT * FROM `tp_class`  [ RunTime:0.0004s ]

[ 2016-11-14T00:47:43+08:00 ] ::1 /happy_class/index.php/Home/Index/getClass.html
INFO: [ app_begin ] --START--
INFO: Run Behavior\ReadHtmlCacheBehavior [ RunTime:0.001363s ]
INFO: [ app_begin ] --END-- [ RunTime:0.002395s ]
SQL: SHOW COLUMNS FROM `tp_class` [ RunTime:0.0030s ]
SQL: SHOW COLUMNS FROM `tp_class` [ RunTime:0.0022s ]
SQL: SELECT * FROM `tp_class`  [ RunTime:0.0003s ]

[ 2016-11-14T00:47:45+08:00 ] ::1 /happy_class/index.php/Home/Index/getClass.html
INFO: [ app_begin ] --START--
INFO: Run Behavior\ReadHtmlCacheBehavior [ RunTime:0.002823s ]
INFO: [ app_begin ] --END-- [ RunTime:0.004818s ]
SQL: SHOW COLUMNS FROM `tp_class` [ RunTime:0.0026s ]
SQL: SHOW COLUMNS FROM `tp_class` [ RunTime:0.0023s ]
SQL: SELECT * FROM `tp_class`  [ RunTime:0.0003s ]

